* Starting client
* Connecting to master process on port 18147
* Analyzing classpath: 
  - /home/avleze/Documentos/PSI/material-evosuite/evosuitepresentation/target/classes
  - /home/avleze/.m2/repository/junit/junit/4.12/junit-4.12.jar
  - /home/avleze/.m2/repository/org/hamcrest/hamcrest-core/1.3/hamcrest-core-1.3.jar
* Finished analyzing classpath
* Generating tests for class es.uca.muiisc.psi.Reservation
* Test criteria:
  - Line Coverage
  - Branch Coverage
  - Exception
  - Mutation testing (weak)
  - Method-Output Coverage
  - Top-Level Method Coverage
  - No-Exception Top-Level Method Coverage
  - Context Branch Coverage
* Setting up search algorithm for whole suite generation
[MASTER] 00:41:39.892 [pool-2-thread-1] WARN  TestSuiteSerialization - Cannot load tests because file does not exist: /home/avleze/Documentos/PSI/material-evosuite/evosuitepresentation/.evosuite/evosuite-seeds/es.uca.muiisc.psi.Reservation.seed
* Loaded 0 tests from /home/avleze/Documentos/PSI/material-evosuite/evosuitepresentation/.evosuite/evosuite-seeds/es.uca.muiisc.psi.Reservation.seed
* Total number of test goals: 
  - Line 12
  - Branch 6
  - Exception 0
  - MutationFactory 0
  - Output 6
  - Method 6
  - MethodNoException 6
  - CBranchFitnessFactory 6
* Using seed 1578958897550
* Starting evolution
* Search finished after 3s and 1 generations, 2741 statements, best individual has fitness: 1.0
* Writing sequences to pool
* Minimizing test suite
* Going to analyze the coverage criteria
* Coverage analysis for criterion LINE
* Coverage of criterion LINE: 100%
* Total number of goals: 12
* Number of covered goals: 12
* Coverage analysis for criterion BRANCH
* Coverage of criterion BRANCH: 100%
* Total number of goals: 6
* Number of covered goals: 6
* Coverage analysis for criterion EXCEPTION
* Coverage of criterion EXCEPTION: 100% (no goals)
* Coverage analysis for criterion WEAKMUTATION
* Coverage of criterion WEAKMUTATION: 100% (no goals)
* Coverage analysis for criterion OUTPUT
* Coverage of criterion OUTPUT: 100%
* Total number of goals: 6
* Number of covered goals: 6
* Coverage analysis for criterion METHOD
* Coverage of criterion METHOD: 100%
* Total number of goals: 6
* Number of covered goals: 6
* Coverage analysis for criterion METHODNOEXCEPTION
* Coverage of criterion METHODNOEXCEPTION: 100%
* Total number of goals: 6
* Number of covered goals: 6
* Coverage analysis for criterion CBRANCH
* Coverage of criterion CBRANCH: 100%
* Total number of goals: 6
* Number of covered goals: 6
* Generated 8 tests with total length 35
* Resulting test suite's coverage: 100% (average coverage for all fitness functions)
* Generating assertions
* Resulting test suite's mutation score: 0%
* Compiling and checking tests
* Writing JUnit test case 'Reservation_ESTest' to /home/avleze/Documentos/PSI/material-evosuite/evosuitepresentation/.evosuite/tmp_2020_01_14_00_39_38/tests
* Done!

