* Starting client
* Connecting to master process on port 3991
* Analyzing classpath: 
  - /home/avleze/Documentos/PSI/material-evosuite/evosuitepresentation/target/classes
  - /home/avleze/.m2/repository/junit/junit/4.12/junit-4.12.jar
  - /home/avleze/.m2/repository/org/hamcrest/hamcrest-core/1.3/hamcrest-core-1.3.jar
* Finished analyzing classpath
* Generating tests for class es.uca.muiisc.psi.Room
* Test criteria:
  - Line Coverage
  - Branch Coverage
  - Exception
  - Mutation testing (weak)
  - Method-Output Coverage
  - Top-Level Method Coverage
  - No-Exception Top-Level Method Coverage
  - Context Branch Coverage
* Setting up search algorithm for whole suite generation
[MASTER] 00:41:03.797 [pool-2-thread-1] WARN  TestSuiteSerialization - Cannot load tests because file does not exist: /home/avleze/Documentos/PSI/material-evosuite/evosuitepresentation/.evosuite/evosuite-seeds/es.uca.muiisc.psi.Room.seed
* Loaded 0 tests from /home/avleze/Documentos/PSI/material-evosuite/evosuitepresentation/.evosuite/evosuite-seeds/es.uca.muiisc.psi.Room.seed
* Total number of test goals: 
  - Line 6
  - Branch 3
  - Exception 0
  - MutationFactory 3
  - Output 9
  - Method 3
  - MethodNoException 3
  - CBranchFitnessFactory 3
* Using seed 1578958862452
* Starting evolution
* Search finished after 31s and 1345 generations, 279056 statements, best individual has fitness: 5.0
* Writing sequences to pool
* Minimizing test suite
* Going to analyze the coverage criteria
* Coverage analysis for criterion LINE
* Coverage of criterion LINE: 100%
* Total number of goals: 6
* Number of covered goals: 6
* Coverage analysis for criterion BRANCH
* Coverage of criterion BRANCH: 100%
* Total number of goals: 3
* Number of covered goals: 3
* Coverage analysis for criterion EXCEPTION
* Coverage of criterion EXCEPTION: 100% (no goals)
* Coverage analysis for criterion WEAKMUTATION
* Coverage of criterion WEAKMUTATION: 100%
* Total number of goals: 3
* Number of covered goals: 3
* Coverage analysis for criterion OUTPUT
* Coverage of criterion OUTPUT: 56%
* Total number of goals: 9
* Number of covered goals: 5
* Coverage analysis for criterion METHOD
* Coverage of criterion METHOD: 100%
* Total number of goals: 3
* Number of covered goals: 3
* Coverage analysis for criterion METHODNOEXCEPTION
* Coverage of criterion METHODNOEXCEPTION: 100%
* Total number of goals: 3
* Number of covered goals: 3
* Coverage analysis for criterion CBRANCH
* Coverage of criterion CBRANCH: 100%
* Total number of goals: 3
* Number of covered goals: 3
* Generated 4 tests with total length 8
* Resulting test suite's coverage: 94% (average coverage for all fitness functions)
* Generating assertions
* Resulting test suite's mutation score: 100%
* Compiling and checking tests
* Writing JUnit test case 'Room_ESTest' to /home/avleze/Documentos/PSI/material-evosuite/evosuitepresentation/.evosuite/tmp_2020_01_14_00_39_38/tests
* Done!

