* Starting client
* Connecting to master process on port 4946
* Analyzing classpath: 
  - /home/avleze/Documentos/PSI/material-evosuite/evosuitepresentation/target/classes
  - /home/avleze/.m2/repository/junit/junit/4.12/junit-4.12.jar
  - /home/avleze/.m2/repository/org/hamcrest/hamcrest-core/1.3/hamcrest-core-1.3.jar
* Finished analyzing classpath
* Generating tests for class Karatsuba
* Test criteria:
  - Line Coverage
  - Branch Coverage
  - Exception
  - Mutation testing (weak)
  - Method-Output Coverage
  - Top-Level Method Coverage
  - No-Exception Top-Level Method Coverage
  - Context Branch Coverage
* Setting up search algorithm for whole suite generation
[MASTER] 00:39:50.120 [pool-2-thread-1] WARN  TestSuiteSerialization - Cannot load tests because file does not exist: /home/avleze/Documentos/PSI/material-evosuite/evosuitepresentation/.evosuite/evosuite-seeds/Karatsuba.seed
* Loaded 0 tests from /home/avleze/Documentos/PSI/material-evosuite/evosuitepresentation/.evosuite/evosuite-seeds/Karatsuba.seed
* Total number of test goals: 
  - Line 12
  - Branch 3
  - Exception 0
  - MutationFactory 173
  - Output 7
  - Method 2
  - MethodNoException 2
  - CBranchFitnessFactory 3
* Using seed 1578958788781
* Starting evolution
* Search finished after 50s and 35 generations, 11937 statements, best individual has fitness: 1.5
* Writing sequences to pool
* Minimizing test suite
* Going to analyze the coverage criteria
* Coverage analysis for criterion LINE
* Coverage of criterion LINE: 100%
* Total number of goals: 12
* Number of covered goals: 12
* Coverage analysis for criterion BRANCH
* Coverage of criterion BRANCH: 100%
* Total number of goals: 3
* Number of covered goals: 3
* Coverage analysis for criterion EXCEPTION
* Coverage of criterion EXCEPTION: 100%
* Total number of goals: 1
* Number of covered goals: 1
* Coverage analysis for criterion WEAKMUTATION
* Coverage of criterion WEAKMUTATION: 100%
* Total number of goals: 173
* Number of covered goals: 173
* Coverage analysis for criterion OUTPUT
* Coverage of criterion OUTPUT: 86%
* Total number of goals: 7
* Number of covered goals: 6
* Coverage analysis for criterion METHOD
* Coverage of criterion METHOD: 100%
* Total number of goals: 2
* Number of covered goals: 2
* Coverage analysis for criterion METHODNOEXCEPTION
* Coverage of criterion METHODNOEXCEPTION: 100%
* Total number of goals: 2
* Number of covered goals: 2
* Coverage analysis for criterion CBRANCH
* Coverage of criterion CBRANCH: 100%
* Total number of goals: 3
* Number of covered goals: 3
* Generated 5 tests with total length 14
* Resulting test suite's coverage: 98% (average coverage for all fitness functions)
* Generating assertions
* Resulting test suite's mutation score: 51%
* Compiling and checking tests
* Writing JUnit test case 'Karatsuba_ESTest' to /home/avleze/Documentos/PSI/material-evosuite/evosuitepresentation/.evosuite/tmp_2020_01_14_00_39_38/tests
* Done!

